<?xml version="1.0" encoding="UTF-8"?>
<testsuite name="com.Quotes.service.QuoteServiceTest" tests="15" skipped="0" failures="0" errors="0" timestamp="2024-07-08T18:19:02" hostname="DELL" time="4.05">
  <properties/>
  <testcase name="testLikeQuote_success()" classname="com.Quotes.service.QuoteServiceTest" time="3.77"/>
  <testcase name="testGetAnotherQuoteFromSameAuthor_notFound()" classname="com.Quotes.service.QuoteServiceTest" time="0.019"/>
  <testcase name="testFindBestMatch_success()" classname="com.Quotes.service.QuoteServiceTest" time="0.01"/>
  <testcase name="testGetAnotherQuoteFromSameAuthor_success()" classname="com.Quotes.service.QuoteServiceTest" time="0.008"/>
  <testcase name="testFilterSeenQuotes_someUnseenQuotes()" classname="com.Quotes.service.QuoteServiceTest" time="0.009"/>
  <testcase name="testGetRandomQuote_noQuotesAvailable()" classname="com.Quotes.service.QuoteServiceTest" time="0.009"/>
  <testcase name="testFetchQuotesFromRemoteSource_success()" classname="com.Quotes.service.QuoteServiceTest" time="0.081"/>
  <testcase name="testFetchQuotesFromRemoteSource_failure()" classname="com.Quotes.service.QuoteServiceTest" time="0.028"/>
  <testcase name="testGetRandomQuote_allQuotesSeen()" classname="com.Quotes.service.QuoteServiceTest" time="0.007"/>
  <testcase name="testGetRandomQuote_success()" classname="com.Quotes.service.QuoteServiceTest" time="0.007"/>
  <testcase name="testFindBestMatch_noMatchFound()" classname="com.Quotes.service.QuoteServiceTest" time="0.008"/>
  <testcase name="testGetRandomUnseenQuote_positive()" classname="com.Quotes.service.QuoteServiceTest" time="0.026"/>
  <testcase name="testFindSimilarQuote_success()" classname="com.Quotes.service.QuoteServiceTest" time="0.014"/>
  <testcase name="testFilterSeenQuotes_noUnseenQuotes()" classname="com.Quotes.service.QuoteServiceTest" time="0.013"/>
  <testcase name="testLikeQuote_quoteNotFound()" classname="com.Quotes.service.QuoteServiceTest" time="0.007"/>
  <system-out><![CDATA[]]></system-out>
  <system-err><![CDATA[Error fetching quotes: API error
]]></system-err>
</testsuite>
